<?xml version="1.0" encoding="UTF-8"?>
<!-- Generated by org.testng.reporters.JUnitReportReporter -->
<testsuite hostname="DESKTOP-OCB70KL" failures="0" tests="3" name="qaclickacademy.SeleniumTest" time="0.005" errors="0" timestamp="21 ספט׳ 2020 09:35:04 GMT" skipped="0">
  <testcase classname="qaclickacademy.SeleniumTest" name="elementsUi2" time="0.000"/>
  <testcase classname="qaclickacademy.SeleniumTest" name="BrowserAUtomation" time="0.005"/>
  <testcase classname="qaclickacademy.SeleniumTest" name="elementsUi" time="0.000"/>
</testsuite> <!-- qaclickacademy.SeleniumTest -->
